#
# There is insufficient memory for the Java Runtime Environment to continue.
# Native memory allocation (malloc) failed to allocate 1048576 bytes. Error detail: AllocateHeap
# Possible reasons:
#   The system is out of physical RAM or swap space
#   This process is running with CompressedOops enabled, and the Java Heap may be blocking the growth of the native heap
# Possible solutions:
#   Reduce memory load on the system
#   Increase physical memory or swap space
#   Check if swap backing store is full
#   Decrease Java heap size (-Xmx/-Xms)
#   Decrease number of Java threads
#   Decrease Java thread stack sizes (-Xss)
#   Set larger code cache with -XX:ReservedCodeCacheSize=
#   JVM is running with Unscaled Compressed Oops mode in which the Java heap is
#     placed in the first 4GB address space. The Java Heap base address is the
#     maximum limit for the native heap growth. Please use -XX:HeapBaseMinAddress
#     to set the Java Heap base and to place the Java Heap above 4GB virtual address.
# This output file may be truncated or incomplete.
#
#  Out of Memory Error (allocation.cpp:44), pid=21860, tid=13656
#
# JRE version: OpenJDK Runtime Environment Temurin-21.0.10+7 (21.0.10+7) (build 21.0.10+7-LTS)
# Java VM: OpenJDK 64-Bit Server VM Temurin-21.0.10+7 (21.0.10+7-LTS, mixed mode, sharing, tiered, compressed oops, compressed class ptrs, parallel gc, windows-amd64)
# No core dump will be written. Minidumps are not enabled by default on client versions of Windows
#

---------------  S U M M A R Y ------------

Command Line: --add-modules=ALL-SYSTEM --add-opens=java.base/java.util=ALL-UNNAMED --add-opens=java.base/java.lang=ALL-UNNAMED --add-opens=java.base/sun.nio.fs=ALL-UNNAMED -Declipse.application=org.eclipse.jdt.ls.core.id1 -Dosgi.bundles.defaultStartLevel=4 -Declipse.product=org.eclipse.jdt.ls.core.product -Djava.import.generatesMetadataFilesAtProjectRoot=false -DDetectVMInstallationsJob.disabled=true -Dfile.encoding=utf8 -XX:+UseParallelGC -XX:GCTimeRatio=4 -XX:AdaptiveSizePolicyWeight=90 -Dsun.zip.disableMemoryMapping=true -Xmx2G -Xms100m -Xlog:disable -javaagent:c:\Users\Hp EliteBook\.antigravity\extensions\redhat.java-1.54.0-win32-x64\lombok\lombok-1.18.39-4050.jar -XX:+HeapDumpOnOutOfMemoryError -XX:HeapDumpPath=c:\Users\Hp EliteBook\AppData\Roaming\Antigravity\User\workspaceStorage\c1ffda47a923a74dad4b80bf3cd38da9\redhat.java -Daether.dependencyCollector.impl=bf c:\Users\Hp EliteBook\.antigravity\extensions\redhat.java-1.54.0-win32-x64\server\plugins\org.eclipse.equinox.launcher_1.7.100.v20251111-0406.jar -configuration c:\Users\Hp EliteBook\AppData\Roaming\Antigravity\User\globalStorage\redhat.java\1.54.0\config_win -data c:\Users\Hp EliteBook\AppData\Roaming\Antigravity\User\workspaceStorage\c1ffda47a923a74dad4b80bf3cd38da9\redhat.java\jdt_ws --pipe=\\.\pipe\lsp-edfdf4f45d46be7f2596484bf94e33ad-sock

Host: Intel(R) Core(TM) i7-8665U CPU @ 1.90GHz, 8 cores, 15G,  Windows 11 , 64 bit Build 26100 (10.0.26100.8246)
Time: Fri May  8 00:34:34 2026 Hora est嫕dar central (M憖ico) elapsed time: 915.754762 seconds (0d 0h 15m 15s)

---------------  T H R E A D  ---------------

Current thread (0x00000240fbac68f0):  JavaThread "Attach Listener" daemon [_thread_in_vm, id=13656, stack(0x0000005d6a000000,0x0000005d6a100000) (1024K)]

Stack: [0x0000005d6a000000,0x0000005d6a100000]
Native frames: (J=compiled Java code, j=interpreted, Vv=VM code, C=native code)
V  [jvm.dll+0x6d7a39]
V  [jvm.dll+0x8b4b26]
V  [jvm.dll+0x8b70de]
V  [jvm.dll+0x8b77c3]
V  [jvm.dll+0x284346]
V  [jvm.dll+0xc1277]
V  [jvm.dll+0x6d82e9]
V  [jvm.dll+0x1334a6]
V  [jvm.dll+0x3f857e]
V  [jvm.dll+0x85f59d]
V  [jvm.dll+0x6d626d]
C  [ucrtbase.dll+0x37b0]
C  [KERNEL32.DLL+0x2e8d7]
C  [ntdll.dll+0x8c3fc]


---------------  P R O C E S S  ---------------

Threads class SMR info:
_java_thread_list=0x00000240daf4afa0, length=44, elements={
0x00000240fbb4ee50, 0x00000240fbabd220, 0x00000240fbac0bc0, 0x00000240fbac3910,
0x00000240fbac68f0, 0x00000240fbad0a40, 0x00000240fbacfd20, 0x00000240fbae0310,
0x00000240fbae1b80, 0x00000240fbad1df0, 0x00000240fbad03b0, 0x00000240d9f579f0,
0x00000240d9f58080, 0x00000240d9f58710, 0x00000240d9f55fb0, 0x00000240d9f58da0,
0x00000240d9f59430, 0x00000240d9f59ac0, 0x00000240d9f57360, 0x00000240d9f56cd0,
0x00000240d9f5cf40, 0x00000240d9f5ae70, 0x00000240d9f5b500, 0x00000240d9f5bb90,
0x00000240d9f5c220, 0x00000240fbad2480, 0x00000240fbacf000, 0x00000240fbacf690,
0x00000240fbad10d0, 0x00000240fbad1760, 0x00000240db2664e0, 0x00000240db265130,
0x00000240db2657c0, 0x00000240db267200, 0x00000240db267f20, 0x00000240df1d85e0,
0x00000240db0d5650, 0x00000240db0d0100, 0x00000240db0ced50, 0x00000240db0cf3e0,
0x00000240db266b70, 0x00000240df1d6510, 0x00000240d9f5a7e0, 0x00000240d9f5a150
}

Java Threads: ( => current thread )
  0x00000240fbb4ee50 JavaThread "main"                              [_thread_blocked, id=10436, stack(0x0000005d69900000,0x0000005d69a00000) (1024K)]
  0x00000240fbabd220 JavaThread "Reference Handler"          daemon [_thread_blocked, id=7904, stack(0x0000005d69d00000,0x0000005d69e00000) (1024K)]
  0x00000240fbac0bc0 JavaThread "Finalizer"                  daemon [_thread_blocked, id=27064, stack(0x0000005d69e00000,0x0000005d69f00000) (1024K)]
  0x00000240fbac3910 JavaThread "Signal Dispatcher"          daemon [_thread_blocked, id=26220, stack(0x0000005d69f00000,0x0000005d6a000000) (1024K)]
=>0x00000240fbac68f0 JavaThread "Attach Listener"            daemon [_thread_in_vm, id=13656, stack(0x0000005d6a000000,0x0000005d6a100000) (1024K)]
  0x00000240fbad0a40 JavaThread "Service Thread"             daemon [_thread_blocked, id=9108, stack(0x0000005d6a100000,0x0000005d6a200000) (1024K)]
  0x00000240fbacfd20 JavaThread "Monitor Deflation Thread"   daemon [_thread_blocked, id=8508, stack(0x0000005d6a200000,0x0000005d6a300000) (1024K)]
  0x00000240fbae0310 JavaThread "C2 CompilerThread0"         daemon [_thread_blocked, id=21120, stack(0x0000005d6a300000,0x0000005d6a400000) (1024K)]
  0x00000240fbae1b80 JavaThread "C1 CompilerThread0"         daemon [_thread_blocked, id=28964, stack(0x0000005d6a400000,0x0000005d6a500000) (1024K)]
  0x00000240fbad1df0 JavaThread "Common-Cleaner"             daemon [_thread_blocked, id=28784, stack(0x0000005d6a500000,0x0000005d6a600000) (1024K)]
  0x00000240fbad03b0 JavaThread "Notification Thread"        daemon [_thread_blocked, id=5440, stack(0x0000005d6a700000,0x0000005d6a800000) (1024K)]
  0x00000240d9f579f0 JavaThread "Active Thread: Equinox Container: 0932dbd0-5a39-4fee-9f57-5b18773fc0e4"        [_thread_blocked, id=11004, stack(0x0000005d6b400000,0x0000005d6b500000) (1024K)]
  0x00000240d9f58080 JavaThread "Framework Event Dispatcher: Equinox Container: 0932dbd0-5a39-4fee-9f57-5b18773fc0e4" daemon [_thread_blocked, id=17040, stack(0x0000005d6b500000,0x0000005d6b600000) (1024K)]
  0x00000240d9f58710 JavaThread "Start Level: Equinox Container: 0932dbd0-5a39-4fee-9f57-5b18773fc0e4" daemon [_thread_blocked, id=4420, stack(0x0000005d6b700000,0x0000005d6b800000) (1024K)]
  0x00000240d9f55fb0 JavaThread "Bundle File Closer"         daemon [_thread_blocked, id=30488, stack(0x0000005d6a600000,0x0000005d6a700000) (1024K)]
  0x00000240d9f58da0 JavaThread "Refresh Thread: Equinox Container: 0932dbd0-5a39-4fee-9f57-5b18773fc0e4" daemon [_thread_blocked, id=18572, stack(0x0000005d6b800000,0x0000005d6b900000) (1024K)]
  0x00000240d9f59430 JavaThread "SCR Component Actor"        daemon [_thread_blocked, id=4356, stack(0x0000005d6af00000,0x0000005d6b000000) (1024K)]
  0x00000240d9f59ac0 JavaThread "Worker-JM"                         [_thread_blocked, id=17896, stack(0x0000005d6b100000,0x0000005d6b200000) (1024K)]
  0x00000240d9f57360 JavaThread "Worker-0"                          [_thread_blocked, id=3720, stack(0x0000005d6b200000,0x0000005d6b300000) (1024K)]
  0x00000240d9f56cd0 JavaThread "Java indexing"              daemon [_thread_blocked, id=19236, stack(0x0000005d6b900000,0x0000005d6ba00000) (1024K)]
  0x00000240d9f5cf40 JavaThread "JNA Cleaner"                daemon [_thread_blocked, id=28248, stack(0x0000005d6bc00000,0x0000005d6bd00000) (1024K)]
  0x00000240d9f5ae70 JavaThread "Thread-1"                   daemon [_thread_in_native, id=9584, stack(0x0000005d6c200000,0x0000005d6c300000) (1024K)]
  0x00000240d9f5b500 JavaThread "Thread-2"                   daemon [_thread_in_native, id=20520, stack(0x0000005d6c300000,0x0000005d6c400000) (1024K)]
  0x00000240d9f5bb90 JavaThread "Thread-3"                   daemon [_thread_in_native, id=6072, stack(0x0000005d6c400000,0x0000005d6c500000) (1024K)]
  0x00000240d9f5c220 JavaThread "Thread-4"                   daemon [_thread_in_native, id=24676, stack(0x0000005d6c500000,0x0000005d6c600000) (1024K)]
  0x00000240fbad2480 JavaThread "Thread-5"                   daemon [_thread_in_native, id=14300, stack(0x0000005d6c600000,0x0000005d6c700000) (1024K)]
  0x00000240fbacf000 JavaThread "Thread-6"                   daemon [_thread_in_native, id=11208, stack(0x0000005d6c700000,0x0000005d6c800000) (1024K)]
  0x00000240fbacf690 JavaThread "Thread-7"                   daemon [_thread_in_native, id=10052, stack(0x0000005d6c800000,0x0000005d6c900000) (1024K)]
  0x00000240fbad10d0 JavaThread "Thread-8"                   daemon [_thread_in_native, id=1452, stack(0x0000005d6c900000,0x0000005d6ca00000) (1024K)]
  0x00000240fbad1760 JavaThread "Thread-9"                   daemon [_thread_in_native, id=27212, stack(0x0000005d6ca00000,0x0000005d6cb00000) (1024K)]
  0x00000240db2664e0 JavaThread "pool-2-thread-1"                   [_thread_blocked, id=13316, stack(0x0000005d6cb00000,0x0000005d6cc00000) (1024K)]
  0x00000240db265130 JavaThread "WorkspaceEventsHandler"            [_thread_blocked, id=19320, stack(0x0000005d6cd00000,0x0000005d6ce00000) (1024K)]
  0x00000240db2657c0 JavaThread "pool-1-thread-1"                   [_thread_blocked, id=12784, stack(0x0000005d6ce00000,0x0000005d6cf00000) (1024K)]
  0x00000240db267200 JavaThread "ForkJoinPool.commonPool-worker-1" daemon [_thread_blocked, id=18200, stack(0x0000005d69600000,0x0000005d69700000) (1024K)]
  0x00000240db267f20 JavaThread "ForkJoinPool.commonPool-worker-3" daemon [_thread_blocked, id=7368, stack(0x0000005d6cf00000,0x0000005d6d000000) (1024K)]
  0x00000240df1d85e0 JavaThread "Compiler Source File Reader" daemon [_thread_blocked, id=20884, stack(0x0000005d6dc00000,0x0000005d6dd00000) (1024K)]
  0x00000240db0d5650 JavaThread "ForkJoinPool.commonPool-worker-4" daemon [_thread_blocked, id=28772, stack(0x0000005d6ed00000,0x0000005d6ee00000) (1024K)]
  0x00000240db0d0100 JavaThread "ForkJoinPool.commonPool-worker-6" daemon [_thread_blocked, id=3528, stack(0x0000005d6a800000,0x0000005d6a900000) (1024K)]
  0x00000240db0ced50 JavaThread "ForkJoinPool.commonPool-worker-7" daemon [_thread_blocked, id=4444, stack(0x0000005d6e500000,0x0000005d6e600000) (1024K)]
  0x00000240db0cf3e0 JavaThread "Cleaner-0"                  daemon [_thread_blocked, id=24608, stack(0x0000005d6e600000,0x0000005d6e700000) (1024K)]
  0x00000240db266b70 JavaThread "Worker-8"                          [_thread_blocked, id=16648, stack(0x0000005d6bf00000,0x0000005d6c000000) (1024K)]
  0x00000240df1d6510 JavaThread "Java Debug Server"          daemon [_thread_in_native, id=3772, stack(0x0000005d6be00000,0x0000005d6bf00000) (1024K)]
  0x00000240d9f5a7e0 JavaThread "RxSchedulerPurge-1"         daemon [_thread_blocked, id=11248, stack(0x0000005d6c100000,0x0000005d6c200000) (1024K)]
  0x00000240d9f5a150 JavaThread "RxCachedWorkerPoolEvictor-1" daemon [_thread_blocked, id=8604, stack(0x0000005d6cc00000,0x0000005d6cd00000) (1024K)]
Total: 44

Other Threads:
  0x00000240fbab3130 VMThread "VM Thread"                           [id=15964, stack(0x0000005d69c00000,0x0000005d69d00000) (1024K)]
  0x00000240fb9cca00 WatcherThread "VM Periodic Task Thread"        [id=26964, stack(0x0000005d69b00000,0x0000005d69c00000) (1024K)]
  0x00000240fbb653b0 WorkerThread "GC Thread#0"                     [id=520, stack(0x0000005d69a00000,0x0000005d69b00000) (1024K)]
  0x00000240d9bd84c0 WorkerThread "GC Thread#1"                     [id=19096, stack(0x0000005d6a900000,0x0000005d6aa00000) (1024K)]
  0x00000240d9a49000 WorkerThread "GC Thread#2"                     [id=19804, stack(0x0000005d6aa00000,0x0000005d6ab00000) (1024K)]
  0x00000240d9a493b0 WorkerThread "GC Thread#3"                     [id=1892, stack(0x0000005d6ab00000,0x0000005d6ac00000) (1024K)]
  0x00000240d9426080 WorkerThread "GC Thread#4"                     [id=21264, stack(0x0000005d6ac00000,0x0000005d6ad00000) (1024K)]
  0x00000240d9426430 WorkerThread "GC Thread#5"                     [id=27680, stack(0x0000005d6ad00000,0x0000005d6ae00000) (1024K)]
  0x00000240d94267e0 WorkerThread "GC Thread#6"                     [id=25736, stack(0x0000005d6ae00000,0x0000005d6af00000) (1024K)]
  0x00000240d9374360 WorkerThread "GC Thread#7"                     [id=15868, stack(0x0000005d6b600000,0x0000005d6b700000) (1024K)]
Total: 10

Threads with active compile tasks:
Total: 0

VM state: not at safepoint (normal execution)

VM Mutex/Monitor currently owned by a thread: None

Heap address: 0x0000000080000000, size: 2048 MB, Compressed Oops mode: 32-bit

CDS archive(s) mapped at: [0x0000024093000000-0x0000024093ba0000-0x0000024093ba0000), size 12189696, SharedBaseAddress: 0x0000024093000000, ArchiveRelocationMode: 1.
Compressed class space mapped at: 0x0000024094000000-0x00000240d4000000, reserved size: 1073741824
Narrow klass base: 0x0000024093000000, Narrow klass shift: 0, Narrow klass range: 0x100000000

GC Precious Log:
 CardTable entry size: 512
 CPUs: 8 total, 8 available
 Memory: 16198M
 Large Page Support: Disabled
 NUMA Support: Disabled
 Compressed Oops: Enabled (32-bit)
 Alignments: Space 512K, Generation 512K, Heap 2M
 Heap Min Capacity: 100M
 Heap Initial Capacity: 100M
 Heap Max Capacity: 2G
 Pre-touch: Disabled
 Parallel Workers: 8

Heap:
 PSYoungGen      total 7168K, used 3685K [0x00000000d5580000, 0x00000000d6400000, 0x0000000100000000)
  eden space 6656K, 52% used [0x00000000d5580000,0x00000000d58e14e8,0x00000000d5c00000)
  from space 512K, 43% used [0x00000000d6300000,0x00000000d6338000,0x00000000d6380000)
  to   space 512K, 0% used [0x00000000d6380000,0x00000000d6380000,0x00000000d6400000)
 ParOldGen       total 1271808K, used 1270961K [0x0000000080000000, 0x00000000cda00000, 0x00000000d5580000)
  object space 1271808K, 99% used [0x0000000080000000,0x00000000cd92c7b0,0x00000000cda00000)
 Metaspace       used 96308K, committed 98304K, reserved 1179648K
  class space    used 9997K, committed 10880K, reserved 1048576K

Card table byte_map: [0x00000240fb4e0000,0x00000240fb8f0000] _byte_map_base: 0x00000240fb0e0000

Marking Bits: (ParMarkBitMap*) 0x00007ffe92853450
 Begin Bits: [0x000002408f000000, 0x0000024091000000)
 End Bits:   [0x0000024091000000, 0x0000024093000000)

Polling page: 0x00000240f9930000

Metaspace:

Usage:
  Non-class:     84.29 MB used.
      Class:      9.76 MB used.
       Both:     94.05 MB used.

Virtual space:
  Non-class space:      128.00 MB reserved,      85.38 MB ( 67%) committed,  2 nodes.
      Class space:        1.00 GB reserved,      10.62 MB (  1%) committed,  1 nodes.
             Both:        1.12 GB reserved,      96.00 MB (  8%) committed. 

Chunk freelists:
   Non-Class:  10.34 MB
       Class:  5.24 MB
        Both:  15.58 MB

MaxMetaspaceSize: unlimited
CompressedClassSpaceSize: 1.00 GB
Initial GC threshold: 21.00 MB
Current GC threshold: 152.81 MB
CDS: on
 - commit_granule_bytes: 65536.
 - commit_granule_words: 8192.
 - virtual_space_node_default_size: 8388608.
 - enlarge_chunks_in_place: 1.
 - use_allocation_guard: 0.


Internal statistics:

num_allocs_failed_limit: 9.
num_arena_births: 1762.
num_arena_deaths: 42.
num_vsnodes_births: 3.
num_vsnodes_deaths: 0.
num_space_committed: 1536.
num_space_uncommitted: 0.
num_chunks_returned_to_freelist: 61.
num_chunks_taken_from_freelist: 6424.
num_chunk_merges: 13.
num_chunk_splits: 3910.
num_chunks_enlarged: 2155.
num_inconsistent_stats: 0.

CodeHeap 'non-profiled nmethods': size=120000Kb used=23739Kb max_used=24340Kb free=96261Kb
 bounds [0x0000024087ad0000, 0x00000240892a0000, 0x000002408f000000]
CodeHeap 'profiled nmethods': size=120000Kb used=47114Kb max_used=49650Kb free=72886Kb
 bounds [0x0000024080000000, 0x0000024083080000, 0x0000024087530000]
CodeHeap 'non-nmethods': size=5760Kb used=1545Kb max_used=1643Kb free=4214Kb
 bounds [0x0000024087530000, 0x00000240877a0000, 0x0000024087ad0000]
CodeCache: size=245760Kb, used=72398Kb, max_used=75633Kb, free=173361Kb
 total_blobs=20076, nmethods=19203, adapters=773, full_count=0
Compilation: enabled, stopped_count=0, restarted_count=0

Compilation events (20 events):
Event: 784.371 Thread 0x00000240fbae1b80 23712   !   3       sun.nio.ch.NioSocketImpl::tryRead (87 bytes)
Event: 784.372 Thread 0x00000240fbae1b80 nmethod 23712 0x00000240822f6110 code [0x00000240822f6320, 0x00000240822f68c8]
Event: 784.372 Thread 0x00000240fbae1b80 23713       3       sun.nio.ch.SocketDispatcher::read (8 bytes)
Event: 784.372 Thread 0x00000240fbae1b80 nmethod 23713 0x0000024081ccdf10 code [0x0000024081cce0c0, 0x0000024081cce200]
Event: 784.899 Thread 0x00000240fbae1b80 23714       3       com.google.gson.Gson::<init> (52 bytes)
Event: 784.900 Thread 0x00000240fbae1b80 nmethod 23714 0x00000240822f5910 code [0x00000240822f5b00, 0x00000240822f5f08]
Event: 784.900 Thread 0x00000240fbae1b80 23715       3       org.eclipse.jdt.ls.core.internal.JSONUtility::toModel (76 bytes)
Event: 784.902 Thread 0x00000240fbae1b80 nmethod 23715 0x00000240822f4190 code [0x00000240822f4480, 0x00000240822f5440]
Event: 798.935 Thread 0x00000240fbae0310 23716       4       java.util.concurrent.locks.AbstractQueuedSynchronizer::acquire (20 bytes)
Event: 798.938 Thread 0x00000240fbae0310 nmethod 23716 0x000002408845d690 code [0x000002408845d820, 0x000002408845d988]
Event: 804.232 Thread 0x00000240fbae1b80 23717       3       java.util.Formatter$Flags::parse (63 bytes)
Event: 804.234 Thread 0x00000240fbae1b80 nmethod 23717 0x00000240822f3210 code [0x00000240822f3460, 0x00000240822f3cf8]
Event: 804.245 Thread 0x00000240fbae0310 23718       4       com.google.gson.stream.JsonWriter::beforeValue (140 bytes)
Event: 804.260 Thread 0x00000240fbae0310 nmethod 23718 0x000002408845c310 code [0x000002408845c560, 0x000002408845cf80]
Event: 828.933 Thread 0x00000240fbae1b80 23719       3       java.util.concurrent.ConcurrentHashMap::mappingCount (17 bytes)
Event: 828.933 Thread 0x00000240fbae1b80 nmethod 23719 0x000002408130b590 code [0x000002408130b740, 0x000002408130b8c8]
Event: 850.931 Thread 0x00000240fbae1b80 23720       3       java.util.concurrent.ConcurrentHashMap$CollectionView::toArray (145 bytes)
Event: 850.932 Thread 0x00000240fbae1b80 nmethod 23720 0x0000024081603590 code [0x0000024081603800, 0x0000024081604388]
Event: 854.942 Thread 0x00000240fbae1b80 23721       3       io.reactivex.internal.schedulers.SchedulerPoolFactory$ScheduledTask::run (66 bytes)
Event: 854.944 Thread 0x00000240fbae1b80 nmethod 23721 0x0000024081602290 code [0x0000024081602500, 0x00000240816031f0]

GC Heap History (20 events):
Event: 686.571 GC heap before
{Heap before GC invocations=2937 (full 5):
 PSYoungGen      total 10752K, used 7424K [0x00000000d5580000, 0x00000000d6500000, 0x0000000100000000)
  eden space 6656K, 100% used [0x00000000d5580000,0x00000000d5c00000,0x00000000d5c00000)
  from space 4096K, 18% used [0x00000000d5e80000,0x00000000d5f40000,0x00000000d6280000)
  to   space 1536K, 0% used [0x00000000d6380000,0x00000000d6380000,0x00000000d6500000)
 ParOldGen       total 1206272K, used 1206260K [0x0000000080000000, 0x00000000c9a00000, 0x00000000d5580000)
  object space 1206272K, 99% used [0x0000000080000000,0x00000000c99fd2f0,0x00000000c9a00000)
 Metaspace       used 96242K, committed 98176K, reserved 1179648K
  class space    used 9995K, committed 10880K, reserved 1048576K
}
Event: 686.580 GC heap after
{Heap after GC invocations=2937 (full 5):
 PSYoungGen      total 7680K, used 810K [0x00000000d5580000, 0x00000000d6480000, 0x0000000100000000)
  eden space 6656K, 0% used [0x00000000d5580000,0x00000000d5580000,0x00000000d5c00000)
  from space 1024K, 79% used [0x00000000d6380000,0x00000000d644a910,0x00000000d6480000)
  to   space 1024K, 0% used [0x00000000d6280000,0x00000000d6280000,0x00000000d6380000)
 ParOldGen       total 1207296K, used 1206932K [0x0000000080000000, 0x00000000c9b00000, 0x00000000d5580000)
  object space 1207296K, 99% used [0x0000000080000000,0x00000000c9aa5310,0x00000000c9b00000)
 Metaspace       used 96242K, committed 98176K, reserved 1179648K
  class space    used 9995K, committed 10880K, reserved 1048576K
}
Event: 686.629 GC heap before
{Heap before GC invocations=2938 (full 5):
 PSYoungGen      total 7680K, used 7466K [0x00000000d5580000, 0x00000000d6480000, 0x0000000100000000)
  eden space 6656K, 100% used [0x00000000d5580000,0x00000000d5c00000,0x00000000d5c00000)
  from space 1024K, 79% used [0x00000000d6380000,0x00000000d644a910,0x00000000d6480000)
  to   space 1024K, 0% used [0x00000000d6280000,0x00000000d6280000,0x00000000d6380000)
 ParOldGen       total 1207296K, used 1206932K [0x0000000080000000, 0x00000000c9b00000, 0x00000000d5580000)
  object space 1207296K, 99% used [0x0000000080000000,0x00000000c9aa5310,0x00000000c9b00000)
 Metaspace       used 96242K, committed 98176K, reserved 1179648K
  class space    used 9995K, committed 10880K, reserved 1048576K
}
Event: 686.636 GC heap after
{Heap after GC invocations=2938 (full 5):
 PSYoungGen      total 7680K, used 864K [0x00000000d5580000, 0x00000000d6400000, 0x0000000100000000)
  eden space 6656K, 0% used [0x00000000d5580000,0x00000000d5580000,0x00000000d5c00000)
  from space 1024K, 84% used [0x00000000d6280000,0x00000000d6358000,0x00000000d6380000)
  to   space 512K, 0% used [0x00000000d6380000,0x00000000d6380000,0x00000000d6400000)
 ParOldGen       total 1207808K, used 1207581K [0x0000000080000000, 0x00000000c9b80000, 0x00000000d5580000)
  object space 1207808K, 99% used [0x0000000080000000,0x00000000c9b47530,0x00000000c9b80000)
 Metaspace       used 96242K, committed 98176K, reserved 1179648K
  class space    used 9995K, committed 10880K, reserved 1048576K
}
Event: 742.491 GC heap before
{Heap before GC invocations=2939 (full 5):
 PSYoungGen      total 7680K, used 7520K [0x00000000d5580000, 0x00000000d6400000, 0x0000000100000000)
  eden space 6656K, 100% used [0x00000000d5580000,0x00000000d5c00000,0x00000000d5c00000)
  from space 1024K, 84% used [0x00000000d6280000,0x00000000d6358000,0x00000000d6380000)
  to   space 512K, 0% used [0x00000000d6380000,0x00000000d6380000,0x00000000d6400000)
 ParOldGen       total 1207808K, used 1207581K [0x0000000080000000, 0x00000000c9b80000, 0x00000000d5580000)
  object space 1207808K, 99% used [0x0000000080000000,0x00000000c9b47530,0x00000000c9b80000)
 Metaspace       used 96268K, committed 98304K, reserved 1179648K
  class space    used 9996K, committed 10880K, reserved 1048576K
}
Event: 742.498 GC heap after
{Heap after GC invocations=2939 (full 5):
 PSYoungGen      total 7168K, used 288K [0x00000000d5580000, 0x00000000d6400000, 0x0000000100000000)
  eden space 6656K, 0% used [0x00000000d5580000,0x00000000d5580000,0x00000000d5c00000)
  from space 512K, 56% used [0x00000000d6380000,0x00000000d63c8000,0x00000000d6400000)
  to   space 512K, 0% used [0x00000000d6300000,0x00000000d6300000,0x00000000d6380000)
 ParOldGen       total 1208320K, used 1208285K [0x0000000080000000, 0x00000000c9c00000, 0x00000000d5580000)
  object space 1208320K, 99% used [0x0000000080000000,0x00000000c9bf7530,0x00000000c9c00000)
 Metaspace       used 96268K, committed 98304K, reserved 1179648K
  class space    used 9996K, committed 10880K, reserved 1048576K
}
Event: 754.855 GC heap before
{Heap before GC invocations=2940 (full 5):
 PSYoungGen      total 7168K, used 6944K [0x00000000d5580000, 0x00000000d6400000, 0x0000000100000000)
  eden space 6656K, 100% used [0x00000000d5580000,0x00000000d5c00000,0x00000000d5c00000)
  from space 512K, 56% used [0x00000000d6380000,0x00000000d63c8000,0x00000000d6400000)
  to   space 512K, 0% used [0x00000000d6300000,0x00000000d6300000,0x00000000d6380000)
 ParOldGen       total 1240064K, used 1239005K [0x0000000080000000, 0x00000000cbb00000, 0x00000000d5580000)
  object space 1240064K, 99% used [0x0000000080000000,0x00000000cb9f7560,0x00000000cbb00000)
 Metaspace       used 96288K, committed 98304K, reserved 1179648K
  class space    used 9997K, committed 10880K, reserved 1048576K
}
Event: 754.859 GC heap after
{Heap after GC invocations=2940 (full 5):
 PSYoungGen      total 7168K, used 288K [0x00000000d5580000, 0x00000000d6400000, 0x0000000100000000)
  eden space 6656K, 0% used [0x00000000d5580000,0x00000000d5580000,0x00000000d5c00000)
  from space 512K, 56% used [0x00000000d6300000,0x00000000d6348000,0x00000000d6380000)
  to   space 512K, 0% used [0x00000000d6380000,0x00000000d6380000,0x00000000d6400000)
 ParOldGen       total 1240064K, used 1239125K [0x0000000080000000, 0x00000000cbb00000, 0x00000000d5580000)
  object space 1240064K, 99% used [0x0000000080000000,0x00000000cba15570,0x00000000cbb00000)
 Metaspace       used 96288K, committed 98304K, reserved 1179648K
  class space    used 9997K, committed 10880K, reserved 1048576K
}
Event: 781.550 GC heap before
{Heap before GC invocations=2941 (full 5):
 PSYoungGen      total 7168K, used 6944K [0x00000000d5580000, 0x00000000d6400000, 0x0000000100000000)
  eden space 6656K, 100% used [0x00000000d5580000,0x00000000d5c00000,0x00000000d5c00000)
  from space 512K, 56% used [0x00000000d6300000,0x00000000d6348000,0x00000000d6380000)
  to   space 512K, 0% used [0x00000000d6380000,0x00000000d6380000,0x00000000d6400000)
 ParOldGen       total 1271808K, used 1269845K [0x0000000080000000, 0x00000000cda00000, 0x00000000d5580000)
  object space 1271808K, 99% used [0x0000000080000000,0x00000000cd8155a0,0x00000000cda00000)
 Metaspace       used 96291K, committed 98304K, reserved 1179648K
  class space    used 9997K, committed 10880K, reserved 1048576K
}
Event: 781.555 GC heap after
{Heap after GC invocations=2941 (full 5):
 PSYoungGen      total 7168K, used 272K [0x00000000d5580000, 0x00000000d6400000, 0x0000000100000000)
  eden space 6656K, 0% used [0x00000000d5580000,0x00000000d5580000,0x00000000d5c00000)
  from space 512K, 53% used [0x00000000d6380000,0x00000000d63c4010,0x00000000d6400000)
  to   space 512K, 0% used [0x00000000d6300000,0x00000000d6300000,0x00000000d6380000)
 ParOldGen       total 1271808K, used 1269949K [0x0000000080000000, 0x00000000cda00000, 0x00000000d5580000)
  object space 1271808K, 99% used [0x0000000080000000,0x00000000cd82f5a0,0x00000000cda00000)
 Metaspace       used 96291K, committed 98304K, reserved 1179648K
  class space    used 9997K, committed 10880K, reserved 1048576K
}
Event: 782.017 GC heap before
{Heap before GC invocations=2942 (full 5):
 PSYoungGen      total 7168K, used 6928K [0x00000000d5580000, 0x00000000d6400000, 0x0000000100000000)
  eden space 6656K, 100% used [0x00000000d5580000,0x00000000d5c00000,0x00000000d5c00000)
  from space 512K, 53% used [0x00000000d6380000,0x00000000d63c4010,0x00000000d6400000)
  to   space 512K, 0% used [0x00000000d6300000,0x00000000d6300000,0x00000000d6380000)
 ParOldGen       total 1271808K, used 1269949K [0x0000000080000000, 0x00000000cda00000, 0x00000000d5580000)
  object space 1271808K, 99% used [0x0000000080000000,0x00000000cd82f5a0,0x00000000cda00000)
 Metaspace       used 96292K, committed 98304K, reserved 1179648K
  class space    used 9997K, committed 10880K, reserved 1048576K
}
Event: 782.027 GC heap after
{Heap after GC invocations=2942 (full 5):
 PSYoungGen      total 7168K, used 505K [0x00000000d5580000, 0x00000000d6400000, 0x0000000100000000)
  eden space 6656K, 0% used [0x00000000d5580000,0x00000000d5580000,0x00000000d5c00000)
  from space 512K, 98% used [0x00000000d6300000,0x00000000d637e410,0x00000000d6380000)
  to   space 512K, 0% used [0x00000000d6380000,0x00000000d6380000,0x00000000d6400000)
 ParOldGen       total 1271808K, used 1270189K [0x0000000080000000, 0x00000000cda00000, 0x00000000d5580000)
  object space 1271808K, 99% used [0x0000000080000000,0x00000000cd86b5a0,0x00000000cda00000)
 Metaspace       used 96292K, committed 98304K, reserved 1179648K
  class space    used 9997K, committed 10880K, reserved 1048576K
}
Event: 782.056 GC heap before
{Heap before GC invocations=2943 (full 5):
 PSYoungGen      total 7168K, used 7161K [0x00000000d5580000, 0x00000000d6400000, 0x0000000100000000)
  eden space 6656K, 100% used [0x00000000d5580000,0x00000000d5c00000,0x00000000d5c00000)
  from space 512K, 98% used [0x00000000d6300000,0x00000000d637e410,0x00000000d6380000)
  to   space 512K, 0% used [0x00000000d6380000,0x00000000d6380000,0x00000000d6400000)
 ParOldGen       total 1271808K, used 1270189K [0x0000000080000000, 0x00000000cda00000, 0x00000000d5580000)
  object space 1271808K, 99% used [0x0000000080000000,0x00000000cd86b5a0,0x00000000cda00000)
 Metaspace       used 96292K, committed 98304K, reserved 1179648K
  class space    used 9997K, committed 10880K, reserved 1048576K
}
Event: 782.061 GC heap after
{Heap after GC invocations=2943 (full 5):
 PSYoungGen      total 7168K, used 298K [0x00000000d5580000, 0x00000000d6400000, 0x0000000100000000)
  eden space 6656K, 0% used [0x00000000d5580000,0x00000000d5580000,0x00000000d5c00000)
  from space 512K, 58% used [0x00000000d6380000,0x00000000d63ca910,0x00000000d6400000)
  to   space 512K, 0% used [0x00000000d6300000,0x00000000d6300000,0x00000000d6380000)
 ParOldGen       total 1271808K, used 1270633K [0x0000000080000000, 0x00000000cda00000, 0x00000000d5580000)
  object space 1271808K, 99% used [0x0000000080000000,0x00000000cd8da7b0,0x00000000cda00000)
 Metaspace       used 96292K, committed 98304K, reserved 1179648K
  class space    used 9997K, committed 10880K, reserved 1048576K
}
Event: 783.560 GC heap before
{Heap before GC invocations=2944 (full 5):
 PSYoungGen      total 7168K, used 6938K [0x00000000d5580000, 0x00000000d6400000, 0x0000000100000000)
  eden space 6656K, 99% used [0x00000000d5580000,0x00000000d5bfc1a0,0x00000000d5c00000)
  from space 512K, 58% used [0x00000000d6380000,0x00000000d63ca910,0x00000000d6400000)
  to   space 512K, 0% used [0x00000000d6300000,0x00000000d6300000,0x00000000d6380000)
 ParOldGen       total 1271808K, used 1270633K [0x0000000080000000, 0x00000000cda00000, 0x00000000d5580000)
  object space 1271808K, 99% used [0x0000000080000000,0x00000000cd8da7b0,0x00000000cda00000)
 Metaspace       used 96295K, committed 98304K, reserved 1179648K
  class space    used 9997K, committed 10880K, reserved 1048576K
}
Event: 783.564 GC heap after
{Heap after GC invocations=2944 (full 5):
 PSYoungGen      total 7168K, used 467K [0x00000000d5580000, 0x00000000d6400000, 0x0000000100000000)
  eden space 6656K, 0% used [0x00000000d5580000,0x00000000d5580000,0x00000000d5c00000)
  from space 512K, 91% used [0x00000000d6300000,0x00000000d6374cb0,0x00000000d6380000)
  to   space 512K, 0% used [0x00000000d6380000,0x00000000d6380000,0x00000000d6400000)
 ParOldGen       total 1271808K, used 1270641K [0x0000000080000000, 0x00000000cda00000, 0x00000000d5580000)
  object space 1271808K, 99% used [0x0000000080000000,0x00000000cd8dc7b0,0x00000000cda00000)
 Metaspace       used 96295K, committed 98304K, reserved 1179648K
  class space    used 9997K, committed 10880K, reserved 1048576K
}
Event: 783.723 GC heap before
{Heap before GC invocations=2945 (full 5):
 PSYoungGen      total 7168K, used 7123K [0x00000000d5580000, 0x00000000d6400000, 0x0000000100000000)
  eden space 6656K, 100% used [0x00000000d5580000,0x00000000d5c00000,0x00000000d5c00000)
  from space 512K, 91% used [0x00000000d6300000,0x00000000d6374cb0,0x00000000d6380000)
  to   space 512K, 0% used [0x00000000d6380000,0x00000000d6380000,0x00000000d6400000)
 ParOldGen       total 1271808K, used 1270641K [0x0000000080000000, 0x00000000cda00000, 0x00000000d5580000)
  object space 1271808K, 99% used [0x0000000080000000,0x00000000cd8dc7b0,0x00000000cda00000)
 Metaspace       used 96296K, committed 98304K, reserved 1179648K
  class space    used 9997K, committed 10880K, reserved 1048576K
}
Event: 783.726 GC heap after
{Heap after GC invocations=2945 (full 5):
 PSYoungGen      total 7168K, used 192K [0x00000000d5580000, 0x00000000d6400000, 0x0000000100000000)
  eden space 6656K, 0% used [0x00000000d5580000,0x00000000d5580000,0x00000000d5c00000)
  from space 512K, 37% used [0x00000000d6380000,0x00000000d63b0000,0x00000000d6400000)
  to   space 512K, 0% used [0x00000000d6300000,0x00000000d6300000,0x00000000d6380000)
 ParOldGen       total 1271808K, used 1270905K [0x0000000080000000, 0x00000000cda00000, 0x00000000d5580000)
  object space 1271808K, 99% used [0x0000000080000000,0x00000000cd91e7b0,0x00000000cda00000)
 Metaspace       used 96296K, committed 98304K, reserved 1179648K
  class space    used 9997K, committed 10880K, reserved 1048576K
}
Event: 784.116 GC heap before
{Heap before GC invocations=2946 (full 5):
 PSYoungGen      total 7168K, used 6848K [0x00000000d5580000, 0x00000000d6400000, 0x0000000100000000)
  eden space 6656K, 100% used [0x00000000d5580000,0x00000000d5c00000,0x00000000d5c00000)
  from space 512K, 37% used [0x00000000d6380000,0x00000000d63b0000,0x00000000d6400000)
  to   space 512K, 0% used [0x00000000d6300000,0x00000000d6300000,0x00000000d6380000)
 ParOldGen       total 1271808K, used 1270905K [0x0000000080000000, 0x00000000cda00000, 0x00000000d5580000)
  object space 1271808K, 99% used [0x0000000080000000,0x00000000cd91e7b0,0x00000000cda00000)
 Metaspace       used 96296K, committed 98304K, reserved 1179648K
  class space    used 9997K, committed 10880K, reserved 1048576K
}
Event: 784.120 GC heap after
{Heap after GC invocations=2946 (full 5):
 PSYoungGen      total 7168K, used 224K [0x00000000d5580000, 0x00000000d6400000, 0x0000000100000000)
  eden space 6656K, 0% used [0x00000000d5580000,0x00000000d5580000,0x00000000d5c00000)
  from space 512K, 43% used [0x00000000d6300000,0x00000000d6338000,0x00000000d6380000)
  to   space 512K, 0% used [0x00000000d6380000,0x00000000d6380000,0x00000000d6400000)
 ParOldGen       total 1271808K, used 1270961K [0x0000000080000000, 0x00000000cda00000, 0x00000000d5580000)
  object space 1271808K, 99% used [0x0000000080000000,0x00000000cd92c7b0,0x00000000cda00000)
 Metaspace       used 96296K, committed 98304K, reserved 1179648K
  class space    used 9997K, committed 10880K, reserved 1048576K
}

Dll operation events (14 events):
Event: 0.019 Loaded shared library c:\Users\Hp EliteBook\.antigravity\extensions\redhat.java-1.54.0-win32-x64\jre\21.0.10-win32-x86_64\bin\java.dll
Event: 0.124 Loaded shared library c:\Users\Hp EliteBook\.antigravity\extensions\redhat.java-1.54.0-win32-x64\jre\21.0.10-win32-x86_64\bin\zip.dll
Event: 0.166 Loaded shared library C:\Users\Hp EliteBook\.antigravity\extensions\redhat.java-1.54.0-win32-x64\jre\21.0.10-win32-x86_64\bin\instrument.dll
Event: 0.177 Loaded shared library C:\Users\Hp EliteBook\.antigravity\extensions\redhat.java-1.54.0-win32-x64\jre\21.0.10-win32-x86_64\bin\net.dll
Event: 0.182 Loaded shared library C:\Users\Hp EliteBook\.antigravity\extensions\redhat.java-1.54.0-win32-x64\jre\21.0.10-win32-x86_64\bin\nio.dll
Event: 0.188 Loaded shared library C:\Users\Hp EliteBook\.antigravity\extensions\redhat.java-1.54.0-win32-x64\jre\21.0.10-win32-x86_64\bin\zip.dll
Event: 0.219 Loaded shared library C:\Users\Hp EliteBook\.antigravity\extensions\redhat.java-1.54.0-win32-x64\jre\21.0.10-win32-x86_64\bin\jimage.dll
Event: 0.413 Loaded shared library c:\Users\Hp EliteBook\.antigravity\extensions\redhat.java-1.54.0-win32-x64\jre\21.0.10-win32-x86_64\bin\verify.dll
Event: 4.241 Loaded shared library C:\Users\Hp EliteBook\AppData\Roaming\Antigravity\User\globalStorage\redhat.java\1.54.0\config_win\org.eclipse.equinox.launcher\org.eclipse.equinox.launcher.win32.win32.x86_64_1.3.0.v20260203-2149\eclipse_11919.dll
Event: 16.473 Loaded shared library C:\Users\Hp EliteBook\.antigravity\extensions\redhat.java-1.54.0-win32-x64\jre\21.0.10-win32-x86_64\bin\management.dll
Event: 16.477 Loaded shared library C:\Users\Hp EliteBook\.antigravity\extensions\redhat.java-1.54.0-win32-x64\jre\21.0.10-win32-x86_64\bin\management_ext.dll
Event: 18.547 Loaded shared library C:\Users\Hp EliteBook\AppData\Local\Temp\jna-515055364\jna8947695642679411437.dll
Event: 19.214 Loaded shared library C:\Users\Hp EliteBook\.antigravity\extensions\redhat.java-1.54.0-win32-x64\jre\21.0.10-win32-x86_64\bin\sunmscapi.dll
Event: 19.358 Loaded shared library C:\Users\Hp EliteBook\.antigravity\extensions\redhat.java-1.54.0-win32-x64\jre\21.0.10-win32-x86_64\bin\extnet.dll

Deoptimization events (20 events):
Event: 781.560 Thread 0x00000240db267200 DEOPT PACKING pc=0x0000024082c6da81 sp=0x0000005d696fe520
Event: 781.560 Thread 0x00000240db267200 DEOPT UNPACKING pc=0x0000024087584242 sp=0x0000005d696fda38 mode 0
Event: 783.546 Thread 0x00000240db267890 DEOPT PACKING pc=0x0000024080bc0169 sp=0x0000005d698fe6d0
Event: 783.546 Thread 0x00000240db267890 DEOPT UNPACKING pc=0x0000024087584242 sp=0x0000005d698fdbb8 mode 0
Event: 784.356 Thread 0x00000240d9f5c8b0 Uncommon trap: trap_request=0xffffffde fr.pc=0x000002408893c0fc relative=0x0000000000000afc
Event: 784.356 Thread 0x00000240d9f5c8b0 Uncommon trap: reason=class_check action=maybe_recompile pc=0x000002408893c0fc method=com.google.gson.stream.JsonWriter.beforeValue()V @ 98 c2
Event: 784.356 Thread 0x00000240d9f5c8b0 DEOPT PACKING pc=0x000002408893c0fc sp=0x0000005d6b3fe220
Event: 784.356 Thread 0x00000240d9f5c8b0 DEOPT UNPACKING pc=0x0000024087583aa2 sp=0x0000005d6b3fe210 mode 2
Event: 784.378 Thread 0x00000240d9f5c8b0 Uncommon trap: trap_request=0xffffffde fr.pc=0x00000240882affa4 relative=0x0000000000000564
Event: 784.378 Thread 0x00000240d9f5c8b0 Uncommon trap: reason=class_check action=maybe_recompile pc=0x00000240882affa4 method=java.util.stream.ReduceOps.makeRef(Ljava/util/stream/Collector;)Ljava/util/stream/TerminalOp; @ 4 c2
Event: 784.378 Thread 0x00000240d9f5c8b0 DEOPT PACKING pc=0x00000240882affa4 sp=0x0000005d6b3fe860
Event: 784.378 Thread 0x00000240d9f5c8b0 DEOPT UNPACKING pc=0x0000024087583aa2 sp=0x0000005d6b3fe7a0 mode 2
Event: 784.378 Thread 0x00000240d9f5c8b0 Uncommon trap: trap_request=0xffffffde fr.pc=0x00000240882affa4 relative=0x0000000000000564
Event: 784.378 Thread 0x00000240d9f5c8b0 Uncommon trap: reason=class_check action=maybe_recompile pc=0x00000240882affa4 method=java.util.stream.ReduceOps.makeRef(Ljava/util/stream/Collector;)Ljava/util/stream/TerminalOp; @ 4 c2
Event: 784.378 Thread 0x00000240d9f5c8b0 DEOPT PACKING pc=0x00000240882affa4 sp=0x0000005d6b3fe860
Event: 784.378 Thread 0x00000240d9f5c8b0 DEOPT UNPACKING pc=0x0000024087583aa2 sp=0x0000005d6b3fe7a0 mode 2
Event: 817.197 Thread 0x00000240df1d57f0 DEOPT PACKING pc=0x00000240804c074c sp=0x0000005d6d8ff5e0
Event: 817.197 Thread 0x00000240df1d57f0 DEOPT UNPACKING pc=0x0000024087584242 sp=0x0000005d6d8feaa0 mode 0
Event: 842.059 Thread 0x00000240df1d3db0 DEOPT PACKING pc=0x00000240804c074c sp=0x0000005d6d9ff1e0
Event: 842.059 Thread 0x00000240df1d3db0 DEOPT UNPACKING pc=0x0000024087584242 sp=0x0000005d6d9fe6a0 mode 0

Classes loaded (20 events):
Event: 632.209 Loading class java/util/TaskQueue
Event: 632.209 Loading class java/util/TaskQueue done
Event: 632.209 Loading class java/util/TimerThread
Event: 632.209 Loading class java/util/TimerThread done
Event: 632.210 Loading class java/util/Timer$ThreadReaper
Event: 632.210 Loading class java/util/Timer$ThreadReaper done
Event: 632.216 Loading class java/util/concurrent/CompletableFuture$UniWhenComplete
Event: 632.216 Loading class java/util/concurrent/CompletableFuture$UniWhenComplete done
Event: 632.216 Loading class java/util/concurrent/CompletableFuture$UniCompose
Event: 632.217 Loading class java/util/concurrent/CompletableFuture$UniCompose done
Event: 632.217 Loading class java/util/concurrent/CompletableFuture$UniRelay
Event: 632.217 Loading class java/util/concurrent/CompletableFuture$UniRelay done
Event: 632.931 Loading class java/util/concurrent/ScheduledThreadPoolExecutor$DelayedWorkQueue$Itr
Event: 632.932 Loading class java/util/concurrent/ScheduledThreadPoolExecutor$DelayedWorkQueue$Itr done
Event: 635.202 Loading class java/lang/ProcessHandleImpl$ExitCompletion
Event: 635.203 Loading class java/lang/ProcessHandleImpl$ExitCompletion done
Event: 635.203 Loading class java/lang/ProcessHandleImpl$1
Event: 635.203 Loading class java/lang/ProcessHandleImpl$1 done
Event: 635.204 Loading class java/util/concurrent/CompletableFuture$UniHandle
Event: 635.205 Loading class java/util/concurrent/CompletableFuture$UniHandle done

Classes unloaded (20 events):
Event: 17.293 Thread 0x00000240fbab3130 Unloading class 0x00000240941b4400 'java/lang/invoke/LambdaForm$MH+0x00000240941b4400'
Event: 17.293 Thread 0x00000240fbab3130 Unloading class 0x00000240941b4000 'java/lang/invoke/LambdaForm$MH+0x00000240941b4000'
Event: 17.293 Thread 0x00000240fbab3130 Unloading class 0x00000240941b3c00 'java/lang/invoke/LambdaForm$MH+0x00000240941b3c00'
Event: 17.293 Thread 0x00000240fbab3130 Unloading class 0x00000240941b3800 'java/lang/invoke/LambdaForm$BMH+0x00000240941b3800'
Event: 17.293 Thread 0x00000240fbab3130 Unloading class 0x00000240941b3400 'java/lang/invoke/LambdaForm$DMH+0x00000240941b3400'
Event: 17.293 Thread 0x00000240fbab3130 Unloading class 0x00000240941b2000 'java/lang/invoke/LambdaForm$DMH+0x00000240941b2000'
Event: 19.010 Thread 0x00000240fbab3130 Unloading class 0x0000024094303c00 'java/lang/invoke/LambdaForm$MH+0x0000024094303c00'
Event: 19.010 Thread 0x00000240fbab3130 Unloading class 0x0000024094303000 'java/lang/invoke/LambdaForm$MH+0x0000024094303000'
Event: 19.010 Thread 0x00000240fbab3130 Unloading class 0x0000024094302c00 'java/lang/invoke/LambdaForm$MH+0x0000024094302c00'
Event: 19.010 Thread 0x00000240fbab3130 Unloading class 0x0000024094302400 'java/lang/invoke/LambdaForm$DMH+0x0000024094302400'
Event: 19.010 Thread 0x00000240fbab3130 Unloading class 0x0000024094301400 'java/lang/invoke/LambdaForm$MH+0x0000024094301400'
Event: 19.010 Thread 0x00000240fbab3130 Unloading class 0x00000240942fbc00 'java/lang/invoke/LambdaForm$MH+0x00000240942fbc00'
Event: 19.010 Thread 0x00000240fbab3130 Unloading class 0x00000240942fb000 'java/lang/invoke/LambdaForm$MH+0x00000240942fb000'
Event: 19.010 Thread 0x00000240fbab3130 Unloading class 0x00000240942fa800 'java/lang/invoke/LambdaForm$MH+0x00000240942fa800'
Event: 19.010 Thread 0x00000240fbab3130 Unloading class 0x00000240942fa000 'java/lang/invoke/LambdaForm$MH+0x00000240942fa000'
Event: 19.010 Thread 0x00000240fbab3130 Unloading class 0x00000240942f9000 'java/lang/invoke/LambdaForm$MH+0x00000240942f9000'
Event: 19.010 Thread 0x00000240fbab3130 Unloading class 0x00000240942f8800 'java/lang/invoke/LambdaForm$MH+0x00000240942f8800'
Event: 19.010 Thread 0x00000240fbab3130 Unloading class 0x00000240942f8000 'java/lang/invoke/LambdaForm$MH+0x00000240942f8000'
Event: 19.010 Thread 0x00000240fbab3130 Unloading class 0x00000240942f7c00 'java/lang/invoke/LambdaForm$DMH+0x00000240942f7c00'
Event: 49.719 Thread 0x00000240fbab3130 Unloading class 0x0000024094644400 'java/lang/invoke/LambdaForm$DMH+0x0000024094644400'

Classes redefined (0 events):
No events

Internal exceptions (20 events):
Event: 632.183 Thread 0x00000240d9f5c8b0 Exception <a 'sun/nio/fs/WindowsException'{0x00000000d56c6f30}> (0x00000000d56c6f30) 
thrown [s\src\hotspot\share\prims\jni.cpp, line 520]
Event: 632.183 Thread 0x00000240d9f5c8b0 Exception <a 'sun/nio/fs/WindowsException'{0x00000000d56c7fa8}> (0x00000000d56c7fa8) 
thrown [s\src\hotspot\share\prims\jni.cpp, line 520]
Event: 632.215 Thread 0x00000240d9f5c8b0 Exception <a 'java/lang/NoSuchMethodError'{0x00000000d57575e0}: 'void java.lang.invoke.DirectMethodHandle$Holder.invokeStatic(java.lang.Object, java.lang.Object, java.lang.Object, java.lang.Object, java.lang.Object, java.lang.Object, java.lang.Object)'> (0x00000000d57575e0) 
thrown [s\src\hotspot\share\interpreter\linkResolver.cpp, line 773]
Event: 633.772 Thread 0x00000240db0d0e20 Exception <a 'java/lang/NoSuchMethodError'{0x00000000d58cc5c8}: 'long java.lang.invoke.DelegatingMethodHandle$Holder.reinvoke_L(java.lang.Object, java.lang.Object)'> (0x00000000d58cc5c8) 
thrown [s\src\hotspot\share\interpreter\linkResolver.cpp, line 773]
Event: 633.776 Thread 0x00000240db0d0e20 Exception <a 'java/lang/NoSuchMethodError'{0x00000000d58d68b8}: 'void java.lang.invoke.DelegatingMethodHandle$Holder.reinvoke_L(java.lang.Object, java.lang.Object, long)'> (0x00000000d58d68b8) 
thrown [s\src\hotspot\share\interpreter\linkResolver.cpp, line 773]
Event: 635.207 Thread 0x00000240db0d0e20 Exception <a 'java/lang/NoSuchMethodError'{0x00000000d59f0990}: 'long java.lang.invoke.Invokers$Holder.invokeExact_MT(java.lang.Object, java.lang.Object, java.lang.Object)'> (0x00000000d59f0990) 
thrown [s\src\hotspot\share\interpreter\linkResolver.cpp, line 773]
Event: 682.485 Thread 0x00000240db267f20 Implicit null exception at 0x0000024088666c69 to 0x00000240886678b8
Event: 684.374 Thread 0x00000240db266b70 Implicit null exception at 0x0000024088769c28 to 0x000002408876be28
Event: 687.171 Thread 0x00000240d9f57360 Exception <a 'sun/nio/fs/WindowsException'{0x00000000d5657f98}> (0x00000000d5657f98) 
thrown [s\src\hotspot\share\prims\jni.cpp, line 520]
Event: 687.171 Thread 0x00000240d9f57360 Exception <a 'sun/nio/fs/WindowsException'{0x00000000d5658aa0}> (0x00000000d5658aa0) 
thrown [s\src\hotspot\share\prims\jni.cpp, line 520]
Event: 783.540 Thread 0x00000240db267890 Exception <a 'sun/nio/fs/WindowsException'{0x00000000d5b4c318}> (0x00000000d5b4c318) 
thrown [s\src\hotspot\share\prims\jni.cpp, line 520]
Event: 783.541 Thread 0x00000240db267890 Exception <a 'sun/nio/fs/WindowsException'{0x00000000d5b4cbe0}> (0x00000000d5b4cbe0) 
thrown [s\src\hotspot\share\prims\jni.cpp, line 520]
Event: 783.542 Thread 0x00000240db267890 Exception <a 'sun/nio/fs/WindowsException'{0x00000000d5b4d8f8}> (0x00000000d5b4d8f8) 
thrown [s\src\hotspot\share\prims\jni.cpp, line 520]
Event: 783.542 Thread 0x00000240db267890 Exception <a 'sun/nio/fs/WindowsException'{0x00000000d5b4e1c0}> (0x00000000d5b4e1c0) 
thrown [s\src\hotspot\share\prims\jni.cpp, line 520]
Event: 783.543 Thread 0x00000240db267890 Exception <a 'sun/nio/fs/WindowsException'{0x00000000d5b4f948}> (0x00000000d5b4f948) 
thrown [s\src\hotspot\share\prims\jni.cpp, line 520]
Event: 783.543 Thread 0x00000240db267890 Exception <a 'sun/nio/fs/WindowsException'{0x00000000d5b4ff60}> (0x00000000d5b4ff60) 
thrown [s\src\hotspot\share\prims\jni.cpp, line 520]
Event: 783.547 Thread 0x00000240db267890 Exception <a 'sun/nio/fs/WindowsException'{0x00000000d5b6f9f0}> (0x00000000d5b6f9f0) 
thrown [s\src\hotspot\share\prims\jni.cpp, line 520]
Event: 783.547 Thread 0x00000240db267890 Exception <a 'sun/nio/fs/WindowsException'{0x00000000d5b702b8}> (0x00000000d5b702b8) 
thrown [s\src\hotspot\share\prims\jni.cpp, line 520]
Event: 784.376 Thread 0x00000240d9f5c8b0 Exception <a 'sun/nio/fs/WindowsException'{0x00000000d580c4d8}> (0x00000000d580c4d8) 
thrown [s\src\hotspot\share\prims\jni.cpp, line 520]
Event: 784.376 Thread 0x00000240d9f5c8b0 Exception <a 'sun/nio/fs/WindowsException'{0x00000000d580cb80}> (0x00000000d580cb80) 
thrown [s\src\hotspot\share\prims\jni.cpp, line 520]

ZGC Phase Switch (0 events):
No events

VM Operations (20 events):
Event: 781.714 Executing non-safepoint VM operation: HandshakeAllThreads (HandshakeForDeflation)
Event: 781.714 Executing non-safepoint VM operation: HandshakeAllThreads (HandshakeForDeflation) done
Event: 781.714 Executing non-safepoint VM operation: RendezvousGCThreads
Event: 781.714 Executing non-safepoint VM operation: RendezvousGCThreads done
Event: 782.017 Executing safepoint VM operation: ParallelGCFailedAllocation (Allocation Failure)
Event: 782.027 Executing safepoint VM operation: ParallelGCFailedAllocation (Allocation Failure) done
Event: 782.051 Executing safepoint VM operation: ParallelGCFailedAllocation (Allocation Failure)
Event: 782.061 Executing safepoint VM operation: ParallelGCFailedAllocation (Allocation Failure) done
Event: 783.560 Executing safepoint VM operation: ParallelGCFailedAllocation (Allocation Failure)
Event: 783.564 Executing safepoint VM operation: ParallelGCFailedAllocation (Allocation Failure) done
Event: 783.723 Executing safepoint VM operation: ParallelGCFailedAllocation (Allocation Failure)
Event: 783.726 Executing safepoint VM operation: ParallelGCFailedAllocation (Allocation Failure) done
Event: 784.116 Executing safepoint VM operation: ParallelGCFailedAllocation (Allocation Failure)
Event: 784.120 Executing safepoint VM operation: ParallelGCFailedAllocation (Allocation Failure) done
Event: 785.124 Executing safepoint VM operation: Cleanup
Event: 785.124 Executing safepoint VM operation: Cleanup done
Event: 841.857 Executing non-safepoint VM operation: HandshakeAllThreads (HandshakeForDeflation)
Event: 841.858 Executing non-safepoint VM operation: HandshakeAllThreads (HandshakeForDeflation) done
Event: 841.858 Executing non-safepoint VM operation: RendezvousGCThreads
Event: 841.858 Executing non-safepoint VM operation: RendezvousGCThreads done

Memory protections (0 events):
No events

Nmethod flushes (20 events):
Event: 454.097 Thread 0x00000240fbab3130 flushing osr nmethod 0x00000240824eb010
Event: 454.097 Thread 0x00000240fbab3130 flushing  nmethod 0x00000240824f0b10
Event: 454.097 Thread 0x00000240fbab3130 flushing  nmethod 0x00000240824f2810
Event: 454.097 Thread 0x00000240fbab3130 flushing  nmethod 0x00000240824fa610
Event: 454.097 Thread 0x00000240fbab3130 flushing  nmethod 0x0000024082506190
Event: 454.097 Thread 0x00000240fbab3130 flushing  nmethod 0x0000024082565890
Event: 454.097 Thread 0x00000240fbab3130 flushing  nmethod 0x000002408258e510
Event: 454.097 Thread 0x00000240fbab3130 flushing  nmethod 0x00000240825aad90
Event: 454.097 Thread 0x00000240fbab3130 flushing  nmethod 0x00000240825cea10
Event: 454.097 Thread 0x00000240fbab3130 flushing  nmethod 0x0000024082610190
Event: 454.097 Thread 0x00000240fbab3130 flushing  nmethod 0x0000024082640b10
Event: 454.097 Thread 0x00000240fbab3130 flushing  nmethod 0x0000024082649890
Event: 454.097 Thread 0x00000240fbab3130 flushing  nmethod 0x0000024082659b10
Event: 454.097 Thread 0x00000240fbab3130 flushing  nmethod 0x0000024082667390
Event: 454.097 Thread 0x00000240fbab3130 flushing  nmethod 0x00000240826a5910
Event: 454.097 Thread 0x00000240fbab3130 flushing  nmethod 0x00000240826af690
Event: 454.097 Thread 0x00000240fbab3130 flushing  nmethod 0x00000240826c0310
Event: 454.097 Thread 0x00000240fbab3130 flushing  nmethod 0x00000240826d2990
Event: 454.097 Thread 0x00000240fbab3130 flushing  nmethod 0x00000240826d3090
Event: 454.097 Thread 0x00000240fbab3130 flushing osr nmethod 0x00000240826d5b90

Events (20 events):
Event: 732.729 Thread 0x00000240df1d9990 Thread exited: 0x00000240df1d9990
Event: 743.913 Thread 0x00000240df1d8c70 Thread exited: 0x00000240df1d8c70
Event: 754.897 Thread 0x00000240fbae1b80 Thread added: 0x00000240d9a020d0
Event: 760.050 Thread 0x00000240d9a020d0 Thread exited: 0x00000240d9a020d0
Event: 771.995 Thread 0x00000240db0cfa70 Thread exited: 0x00000240db0cfa70
Event: 779.427 Thread 0x00000240df1d7230 Thread exited: 0x00000240df1d7230
Event: 781.312 Thread 0x00000240df1d9300 Thread exited: 0x00000240df1d9300
Event: 784.345 Thread 0x00000240df1d6510 Thread added: 0x00000240d9f56640
Event: 784.355 Thread 0x00000240d9f56640 Thread added: 0x00000240d9f5c8b0
Event: 784.379 Thread 0x00000240d9f5c8b0 Thread added: 0x00000240d9f5d5d0
Event: 784.477 Thread 0x00000240d9f56640 Thread added: 0x00000240df1d7230
Event: 784.478 Thread 0x00000240d9f5d5d0 Thread exited: 0x00000240d9f5d5d0
Event: 785.117 Thread 0x00000240df1d7230 Thread added: 0x00000240df1d8c70
Event: 785.120 Thread 0x00000240df1d7230 Thread exited: 0x00000240df1d7230
Event: 804.232 Thread 0x00000240d9f5c8b0 Thread exited: 0x00000240d9f5c8b0
Event: 817.197 Thread 0x00000240df1d57f0 Thread exited: 0x00000240df1d57f0
Event: 834.247 Thread 0x00000240d9f56640 Thread exited: 0x00000240d9f56640
Event: 842.060 Thread 0x00000240df1d3db0 Thread exited: 0x00000240df1d3db0
Event: 864.226 Thread 0x00000240df1d8c70 Thread exited: 0x00000240df1d8c70
Event: 864.812 Thread 0x00000240db267890 Thread exited: 0x00000240db267890


Dynamic libraries:
0x00007ff7ff720000 - 0x00007ff7ff72e000 	c:\Users\Hp EliteBook\.antigravity\extensions\redhat.java-1.54.0-win32-x64\jre\21.0.10-win32-x86_64\bin\java.exe
0x00007fff15860000 - 0x00007fff15ac7000 	C:\WINDOWS\SYSTEM32\ntdll.dll
0x00007fff14a70000 - 0x00007fff14b39000 	C:\WINDOWS\System32\KERNEL32.DLL
0x00007fff12540000 - 0x00007fff12934000 	C:\WINDOWS\System32\KERNELBASE.dll
0x00007fff0f430000 - 0x00007fff0f4cf000 	C:\WINDOWS\SYSTEM32\apphelp.dll
0x00007fff123f0000 - 0x00007fff1253b000 	C:\WINDOWS\System32\ucrtbase.dll
0x00007fff06450000 - 0x00007fff06468000 	c:\Users\Hp EliteBook\.antigravity\extensions\redhat.java-1.54.0-win32-x64\jre\21.0.10-win32-x86_64\bin\jli.dll
0x00007fff06430000 - 0x00007fff0644e000 	c:\Users\Hp EliteBook\.antigravity\extensions\redhat.java-1.54.0-win32-x64\jre\21.0.10-win32-x86_64\bin\VCRUNTIME140.dll
0x00007fff15130000 - 0x00007fff152f5000 	C:\WINDOWS\System32\USER32.dll
0x00007ffef9dc0000 - 0x00007ffefa053000 	C:\WINDOWS\WinSxS\amd64_microsoft.windows.common-controls_6595b64144ccf1df_6.0.26100.8115_none_3e075c82e3354f9c\COMCTL32.dll
0x00007fff135c0000 - 0x00007fff135e7000 	C:\WINDOWS\System32\win32u.dll
0x00007fff13e30000 - 0x00007fff13ed9000 	C:\WINDOWS\System32\msvcrt.dll
0x00007fff15550000 - 0x00007fff1557b000 	C:\WINDOWS\System32\GDI32.dll
0x00007fff13270000 - 0x00007fff1339b000 	C:\WINDOWS\System32\gdi32full.dll
0x00007fff12130000 - 0x00007fff121d3000 	C:\WINDOWS\System32\msvcp_win.dll
0x00007fff14020000 - 0x00007fff14052000 	C:\WINDOWS\System32\IMM32.DLL
0x00007fff0f380000 - 0x00007fff0f38c000 	c:\Users\Hp EliteBook\.antigravity\extensions\redhat.java-1.54.0-win32-x64\jre\21.0.10-win32-x86_64\bin\vcruntime140_1.dll
0x00007ffed6e50000 - 0x00007ffed6edd000 	c:\Users\Hp EliteBook\.antigravity\extensions\redhat.java-1.54.0-win32-x64\jre\21.0.10-win32-x86_64\bin\msvcp140.dll
0x00007ffe91b90000 - 0x00007ffe92931000 	c:\Users\Hp EliteBook\.antigravity\extensions\redhat.java-1.54.0-win32-x64\jre\21.0.10-win32-x86_64\bin\server\jvm.dll
0x00007fff153d0000 - 0x00007fff15486000 	C:\WINDOWS\System32\ADVAPI32.dll
0x00007fff15320000 - 0x00007fff153c7000 	C:\WINDOWS\System32\sechost.dll
0x00007fff13770000 - 0x00007fff13888000 	C:\WINDOWS\System32\RPCRT4.dll
0x00007fff15580000 - 0x00007fff15600000 	C:\WINDOWS\System32\WS2_32.dll
0x00007fff11f90000 - 0x00007fff11fee000 	C:\WINDOWS\SYSTEM32\POWRPROF.dll
0x00007fff0aed0000 - 0x00007fff0aedb000 	C:\WINDOWS\SYSTEM32\VERSION.dll
0x00007ffef51f0000 - 0x00007ffef5226000 	C:\WINDOWS\SYSTEM32\WINMM.dll
0x00007fff11f70000 - 0x00007fff11f84000 	C:\WINDOWS\SYSTEM32\UMPDC.dll
0x00007fff10e80000 - 0x00007fff10e9b000 	C:\WINDOWS\SYSTEM32\kernel.appcore.dll
0x00007fff069b0000 - 0x00007fff069ba000 	c:\Users\Hp EliteBook\.antigravity\extensions\redhat.java-1.54.0-win32-x64\jre\21.0.10-win32-x86_64\bin\jimage.dll
0x00007fff0fdc0000 - 0x00007fff10002000 	C:\WINDOWS\SYSTEM32\DBGHELP.DLL
0x00007fff14b40000 - 0x00007fff14ec2000 	C:\WINDOWS\System32\combase.dll
0x00007fff13f40000 - 0x00007fff14018000 	C:\WINDOWS\System32\OLEAUT32.dll
0x00007ffef23a0000 - 0x00007ffef23db000 	C:\WINDOWS\SYSTEM32\dbgcore.DLL
0x00007fff13510000 - 0x00007fff135b5000 	C:\WINDOWS\System32\bcryptPrimitives.dll
0x00007fff062c0000 - 0x00007fff062cf000 	c:\Users\Hp EliteBook\.antigravity\extensions\redhat.java-1.54.0-win32-x64\jre\21.0.10-win32-x86_64\bin\instrument.dll
0x00007fff028a0000 - 0x00007fff028c0000 	c:\Users\Hp EliteBook\.antigravity\extensions\redhat.java-1.54.0-win32-x64\jre\21.0.10-win32-x86_64\bin\java.dll
0x00007fff14300000 - 0x00007fff14a67000 	C:\WINDOWS\System32\SHELL32.dll
0x00007fff133a0000 - 0x00007fff1350a000 	C:\WINDOWS\System32\wintypes.dll
0x00007fff12940000 - 0x00007fff131a8000 	C:\WINDOWS\System32\windows.storage.dll
0x00007fff14ed0000 - 0x00007fff14fc8000 	C:\WINDOWS\System32\SHCORE.dll
0x00007fff13890000 - 0x00007fff138f6000 	C:\WINDOWS\System32\shlwapi.dll
0x00007fff12050000 - 0x00007fff12079000 	C:\WINDOWS\SYSTEM32\profapi.dll
0x00007fff027f0000 - 0x00007fff02808000 	c:\Users\Hp EliteBook\.antigravity\extensions\redhat.java-1.54.0-win32-x64\jre\21.0.10-win32-x86_64\bin\zip.dll
0x00007fff062b0000 - 0x00007fff062c0000 	C:\Users\Hp EliteBook\.antigravity\extensions\redhat.java-1.54.0-win32-x64\jre\21.0.10-win32-x86_64\bin\net.dll
0x00007fff06af0000 - 0x00007fff06c1d000 	C:\WINDOWS\SYSTEM32\WINHTTP.dll
0x00007fff113d0000 - 0x00007fff1143c000 	C:\WINDOWS\system32\mswsock.dll
0x00007fff022c0000 - 0x00007fff022d6000 	C:\Users\Hp EliteBook\.antigravity\extensions\redhat.java-1.54.0-win32-x64\jre\21.0.10-win32-x86_64\bin\nio.dll
0x00007fff06250000 - 0x00007fff06260000 	c:\Users\Hp EliteBook\.antigravity\extensions\redhat.java-1.54.0-win32-x64\jre\21.0.10-win32-x86_64\bin\verify.dll
0x00007ffee6f30000 - 0x00007ffee6f75000 	C:\Users\Hp EliteBook\AppData\Roaming\Antigravity\User\globalStorage\redhat.java\1.54.0\config_win\org.eclipse.equinox.launcher\org.eclipse.equinox.launcher.win32.win32.x86_64_1.3.0.v20260203-2149\eclipse_11919.dll
0x00007fff15670000 - 0x00007fff15807000 	C:\WINDOWS\System32\ole32.dll
0x00007fff061d0000 - 0x00007fff061da000 	C:\Users\Hp EliteBook\.antigravity\extensions\redhat.java-1.54.0-win32-x64\jre\21.0.10-win32-x86_64\bin\management.dll
0x00007fff027c0000 - 0x00007fff027cc000 	C:\Users\Hp EliteBook\.antigravity\extensions\redhat.java-1.54.0-win32-x64\jre\21.0.10-win32-x86_64\bin\management_ext.dll
0x00007fff15810000 - 0x00007fff15818000 	C:\WINDOWS\System32\PSAPI.DLL
0x00007fff117d0000 - 0x00007fff117eb000 	C:\WINDOWS\SYSTEM32\CRYPTSP.dll
0x00007fff10de0000 - 0x00007fff10e19000 	C:\WINDOWS\system32\rsaenh.dll
0x00007fff11480000 - 0x00007fff114b3000 	C:\WINDOWS\SYSTEM32\USERENV.dll
0x00007fff12020000 - 0x00007fff1204a000 	C:\WINDOWS\SYSTEM32\bcrypt.dll
0x00007fff11630000 - 0x00007fff1163c000 	C:\WINDOWS\SYSTEM32\CRYPTBASE.dll
0x00007fff109b0000 - 0x00007fff109e2000 	C:\WINDOWS\SYSTEM32\IPHLPAPI.DLL
0x00007fff13e20000 - 0x00007fff13e2a000 	C:\WINDOWS\System32\NSI.dll
0x00007ffec89b0000 - 0x00007ffec89f9000 	C:\Users\Hp EliteBook\AppData\Local\Temp\jna-515055364\jna8947695642679411437.dll
0x00007fff0aee0000 - 0x00007fff0aefd000 	C:\WINDOWS\SYSTEM32\dhcpcsvc6.DLL
0x00007fff06cf0000 - 0x00007fff06d15000 	C:\WINDOWS\SYSTEM32\dhcpcsvc.DLL
0x00007fff022b0000 - 0x00007fff022be000 	C:\Users\Hp EliteBook\.antigravity\extensions\redhat.java-1.54.0-win32-x64\jre\21.0.10-win32-x86_64\bin\sunmscapi.dll
0x00007fff12270000 - 0x00007fff123e7000 	C:\WINDOWS\System32\CRYPT32.dll
0x00007fff11930000 - 0x00007fff11960000 	C:\WINDOWS\SYSTEM32\ncrypt.dll
0x00007fff118e0000 - 0x00007fff1191f000 	C:\WINDOWS\SYSTEM32\NTASN1.dll
0x00007fff109f0000 - 0x00007fff10b22000 	C:\WINDOWS\SYSTEM32\DNSAPI.dll
0x00007fff04120000 - 0x00007fff0412b000 	C:\Windows\System32\rasadhlp.dll
0x00007fff07630000 - 0x00007fff076b6000 	C:\WINDOWS\System32\fwpuclnt.dll
0x00007fff022a0000 - 0x00007fff022a9000 	C:\Users\Hp EliteBook\.antigravity\extensions\redhat.java-1.54.0-win32-x64\jre\21.0.10-win32-x86_64\bin\extnet.dll
0x00007fff10fa0000 - 0x00007fff10fd6000 	C:\WINDOWS\SYSTEM32\ntmarta.dll

JVMTI agents:
c:\Users\Hp EliteBook\.antigravity\extensions\redhat.java-1.54.0-win32-x64\lombok\lombok-1.18.39-4050.jar path:c:\Users\Hp EliteBook\.antigravity\extensions\redhat.java-1.54.0-win32-x64\jre\21.0.10-win32-x86_64\bin\instrument.dll, loaded, initialized, instrumentlib options:none

dbghelp: loaded successfully - version: 4.0.5 - missing functions: none
symbol engine: initialized successfully - sym options: 0x614 - pdb path: .;c:\Users\Hp EliteBook\.antigravity\extensions\redhat.java-1.54.0-win32-x64\jre\21.0.10-win32-x86_64\bin;C:\WINDOWS\SYSTEM32;C:\WINDOWS\WinSxS\amd64_microsoft.windows.common-controls_6595b64144ccf1df_6.0.26100.8115_none_3e075c82e3354f9c;c:\Users\Hp EliteBook\.antigravity\extensions\redhat.java-1.54.0-win32-x64\jre\21.0.10-win32-x86_64\bin\server;C:\Users\Hp EliteBook\AppData\Roaming\Antigravity\User\globalStorage\redhat.java\1.54.0\config_win\org.eclipse.equinox.launcher\org.eclipse.equinox.launcher.win32.win32.x86_64_1.3.0.v20260203-2149;C:\Users\Hp EliteBook\AppData\Local\Temp\jna-515055364

VM Arguments:
jvm_args: --add-modules=ALL-SYSTEM --add-opens=java.base/java.util=ALL-UNNAMED --add-opens=java.base/java.lang=ALL-UNNAMED --add-opens=java.base/sun.nio.fs=ALL-UNNAMED -Declipse.application=org.eclipse.jdt.ls.core.id1 -Dosgi.bundles.defaultStartLevel=4 -Declipse.product=org.eclipse.jdt.ls.core.product -Djava.import.generatesMetadataFilesAtProjectRoot=false -DDetectVMInstallationsJob.disabled=true -Dfile.encoding=utf8 -XX:+UseParallelGC -XX:GCTimeRatio=4 -XX:AdaptiveSizePolicyWeight=90 -Dsun.zip.disableMemoryMapping=true -Xmx2G -Xms100m -Xlog:disable -javaagent:c:\Users\Hp EliteBook\.antigravity\extensions\redhat.java-1.54.0-win32-x64\lombok\lombok-1.18.39-4050.jar -XX:+HeapDumpOnOutOfMemoryError -XX:HeapDumpPath=c:\Users\Hp EliteBook\AppData\Roaming\Antigravity\User\workspaceStorage\c1ffda47a923a74dad4b80bf3cd38da9\redhat.java -Daether.dependencyCollector.impl=bf 
java_command: c:\Users\Hp EliteBook\.antigravity\extensions\redhat.java-1.54.0-win32-x64\server\plugins\org.eclipse.equinox.launcher_1.7.100.v20251111-0406.jar -configuration c:\Users\Hp EliteBook\AppData\Roaming\Antigravity\User\globalStorage\redhat.java\1.54.0\config_win -data c:\Users\Hp EliteBook\AppData\Roaming\Antigravity\User\workspaceStorage\c1ffda47a923a74dad4b80bf3cd38da9\redhat.java\jdt_ws --pipe=\\.\pipe\lsp-edfdf4f45d46be7f2596484bf94e33ad-sock
java_class_path (initial): c:\Users\Hp EliteBook\.antigravity\extensions\redhat.java-1.54.0-win32-x64\server\plugins\org.eclipse.equinox.launcher_1.7.100.v20251111-0406.jar
Launcher Type: SUN_STANDARD

[Global flags]
    uintx AdaptiveSizePolicyWeight                 = 90                                        {product} {command line}
     intx CICompilerCount                          = 4                                         {product} {ergonomic}
    uintx GCTimeRatio                              = 4                                         {product} {command line}
     bool HeapDumpOnOutOfMemoryError               = true                                   {manageable} {command line}
    ccstr HeapDumpPath                             = c:\Users\Hp EliteBook\AppData\Roaming\Antigravity\User\workspaceStorage\c1ffda47a923a74dad4b80bf3cd38da9\redhat.java         {manageable} {command line}
   size_t InitialHeapSize                          = 104857600                                 {product} {command line}
   size_t MaxHeapSize                              = 2147483648                                {product} {command line}
   size_t MaxNewSize                               = 715653120                                 {product} {ergonomic}
   size_t MinHeapDeltaBytes                        = 524288                                    {product} {ergonomic}
   size_t MinHeapSize                              = 104857600                                 {product} {command line}
   size_t NewSize                                  = 34603008                                  {product} {ergonomic}
    uintx NonNMethodCodeHeapSize                   = 5839372                                {pd product} {ergonomic}
    uintx NonProfiledCodeHeapSize                  = 122909434                              {pd product} {ergonomic}
   size_t OldSize                                  = 70254592                                  {product} {ergonomic}
    uintx ProfiledCodeHeapSize                     = 122909434                              {pd product} {ergonomic}
    uintx ReservedCodeCacheSize                    = 251658240                              {pd product} {ergonomic}
     bool SegmentedCodeCache                       = true                                      {product} {ergonomic}
   size_t SoftMaxHeapSize                          = 2147483648                             {manageable} {ergonomic}
     bool UseCompressedOops                        = true                           {product lp64_product} {ergonomic}
     bool UseLargePagesIndividualAllocation        = false                                  {pd product} {ergonomic}
     bool UseParallelGC                            = true                                      {product} {command line}

Logging:
Log output configuration:
 #0: stdout all=off uptime,level,tags foldmultilines=false
 #1: stderr all=off uptime,level,tags foldmultilines=false

Release file:
JAVA_VERSION="21.0.10" 
MODULES="java.base java.compiler java.datatransfer java.xml java.prefs java.desktop java.instrument java.logging java.management java.security.sasl java.naming java.rmi java.management.rmi java.net.http java.scripting java.security.jgss java.transaction.xa java.sql java.sql.rowset java.xml.crypto java.se java.smartcardio jdk.accessibility jdk.internal.jvmstat jdk.attach jdk.charsets jdk.internal.opt jdk.zipfs jdk.compiler jdk.crypto.ec jdk.crypto.cryptoki jdk.crypto.mscapi jdk.dynalink jdk.internal.ed jdk.editpad jdk.hotspot.agent jdk.httpserver jdk.internal.le jdk.internal.vm.ci jdk.internal.vm.compiler jdk.internal.vm.compiler.management jdk.jartool jdk.javadoc jdk.jcmd jdk.management jdk.management.agent jdk.jconsole jdk.jdeps jdk.jdwp.agent jdk.jdi jdk.jfr jdk.jshell jdk.jsobject jdk.jstatd jdk.localedata jdk.management.jfr jdk.naming.dns jdk.naming.rmi jdk.net jdk.nio.mapmode jdk.random jdk.sctp jdk.security.auth jdk.security.jgss jdk.unsupported jdk.unsupported.desktop jdk.xml.dom" 

Environment Variables:
JAVA_HOME=C:\Program Files\Java\jdk-21
PATH=C:\Program Files\Java\jdk-21\bin;C:\Program Files\Eclipse Adoptium\jdk-11.0.29.7-hotspot\bin;C:\Program Files\Eclipse Adoptium\jdk-25.0.1.8-hotspot\bin;C:\Python313\Scripts\;C:\Python313\;C:\FundamentosBaseDatos\bin;C:\Program Files\Common Files\Oracle\Java\javapath;C:\Program Files (x86)\Common Files\Oracle\Java\java8path;C:\Program Files (x86)\Common Files\Oracle\Java\javapath;C:\WINDOWS\system32;C:\WINDOWS;C:\WINDOWS\System32\Wbem;C:\WINDOWS\System32\WindowsPowerShell\v1.0\;C:\WINDOWS\System32\OpenSSH\;C:\Program Files\dotnet\;C:\Program Files\MATLAB\R2024b\bin;C:\Program Files (x86)\Windows Kits\10\Windows Performance Toolkit\;C:\MinGW\bin;C:\ProgramData\chocolatey\bin;C:\Program Files\Git\cmd;C:\xampp\php;C:\ProgramData\ComposerSetup\bin;C:\Program Files\PuTTY\;C:\Program Files\swipl\bin;C:\Maven\apache-maven-3.9.11\bin;C:\Program Files\nodejs\;C:\Program Files\Docker\Docker\resources\bin;C:\Program Files\SQLite;C:\Users\Hp EliteBook\.config\herd-lite\bin;C:\Users\Hp EliteBook\AppData\Local\Programs\Python\Python312;C:\Users\Hp EliteBook\AppData\Local\Programs\Python\Python312\Scripts\;C:\Users\Hp EliteBook\AppData\Local\Programs\Python\Python312\;C:\Users\Hp EliteBook\AppData\Local\Microsoft\WindowsApps;C:\Users\Hp EliteBook\AppData\Local\spicetify;C:\Users\Hp EliteBook\AppData\Local\Programs\Microsoft VS Code\bin;C:\Users\Hp EliteBook\AppData\Local\Microsoft\WindowsApps;C:\Program Files\MySQL\MySQL Server 8.0\bin;C:\Users\Hp EliteBook\.dotnet\tools;C:\SFML-2.6.2\bin;C:\Users\Hp EliteBook\OneDrive\Documents\Instituto Tecnologico de Oaxaca\6 Semestre\Graficacion\ProgramasVS\JuegoPacman\SFML-2.5.1\bin;C:\MinGW\mingw32\bin;C:\Users\Hp EliteBook\AppData\Local\reflex\bun\bin;C:\Users\Hp EliteBook\AppData\Local\gitkraken\bin;C:\ProgramData\Hp EliteBook\gitkraken\bin;C:\ghcup\bin;C:\Users\Hp EliteBook\AppData\Local\GitHubDesktop\bin;C:\Users\Hp EliteBook\AppData\Roaming\Composer\vendor\bin;C:\Users\Hp EliteBook\AppData\Roaming\npm;C:\Program Files\JetBrains\IntelliJ IDEA 2026.1.1\bin;C:\Users\Hp EliteBook\AppData\Local\Programs\Antigravity\bin
USERNAME=Hp EliteBook
OS=Windows_NT
PROCESSOR_IDENTIFIER=Intel64 Family 6 Model 142 Stepping 12, GenuineIntel
TMP=C:\Users\HPELIT~1\AppData\Local\Temp
TEMP=C:\Users\HPELIT~1\AppData\Local\Temp




Periodic native trim disabled

---------------  S Y S T E M  ---------------

OS:
 Windows 11 , 64 bit Build 26100 (10.0.26100.8246)
OS uptime: 7 days 5:01 hours
Hyper-V role detected

CPU: total 8 (initial active 8) (4 cores per cpu, 2 threads per core) family 6 model 142 stepping 12 microcode 0xf8, cx8, cmov, fxsr, ht, mmx, 3dnowpref, sse, sse2, sse3, ssse3, sse4.1, sse4.2, popcnt, lzcnt, tsc, tscinvbit, avx, avx2, aes, erms, clmul, bmi1, bmi2, adx, fma, vzeroupper, clflush, clflushopt, hv, rdtscp, f16c
Processor Information for the first 8 processors :
  Max Mhz: 2112, Current Mhz: 1910, Mhz Limit: 1900

Memory: 4k page, system-wide physical 16198M (763M free)
TotalPageFile size 36733M (AvailPageFile size 45M)
current process WorkingSet (physical memory assigned to process): 278M, peak: 1862M
current process commit charge ("private bytes"): 1660M, peak: 1768M

vm_info: OpenJDK 64-Bit Server VM (21.0.10+7-LTS) for windows-amd64 JRE (21.0.10+7-LTS), built on 2026-01-20T00:00:00Z by "admin" with MS VC++ 17.12 (VS2022)

END.
